{
  "RSpec": {
    "coverage": {
      "/Users/katy/Documents/turing/1mod/projects/enigma/lib/key.rb": {
        "lines": [
          1,
          1,
          null,
          1,
          4,
          null,
          null,
          1,
          2,
          2,
          10,
          null,
          2,
          null,
          null,
          1,
          1,
          null,
          null,
          1,
          1,
          null,
          null,
          1,
          1,
          null,
          null,
          1,
          1,
          null,
          null
        ]
      }
    },
    "timestamp": 1636827949
  }
}
